[2026-06-21 20:29:07,916] [INFO] [test_cart.py] => Переходим на страницу магазина
[2026-06-21 20:29:07,916] [DEBUG] [test_cart.py] => ID товара: 54321
[2026-06-21 20:29:07,916] [INFO] [test_cart.py] => Добавляем товар в корзину
[2026-06-21 20:29:07,916] [ERROR] [test_cart.py] => Ошибка: корзина пуста!
[2026-06-21 20:51:23,885] [DEBUG] [test_cart.py] => ID товара: 54321
[2026-06-21 20:51:23,885] [ERROR] [test_cart.py] => Ошибка: корзина пуста!
[2026-06-21 20:51:23,885] [INFO] [test_cart.py] => Добавляем товар в корзину
[2026-06-21 20:51:23,885] [INFO] [test_cart.py] => Переходим на страницу магазина
[2026-06-21 22:09:09,804] [INFO] [api_clients.py] => [REQUEST] => GET https://reqres.in/api/users/2
[2026-06-21 22:09:10,347] [INFO] [api_clients.py] => 📥 Ответ: Статус-код 401
[2026-06-21 22:09:10,347] [DEBUG] [api_clients.py] => Тело ответа: {"error":"missing_api_key","message":"The x-api-key header is required for this endpoint.","hint":"Create a free key at app.reqres.in and send it as x-api-key.","next_steps":["Go to app.reqres.in/api-keys to get your key","Add header: x-api-key: <your_key>","For app user endpoints, use Authorization: Bearer <session_token> instead"],"docs_url":"https://app.reqres.in/docs#authentication","example_curl":"curl -H \"x-api-key: YOUR_API_KEY\" https://api.reqres.in/api/collections","_meta":{"powered_by":"ReqRes","docs_url":"https://app.reqres.in/documentation","upgrade_url":"https://app.reqres.in/upgrade","example_url":"https://app.reqres.in/examples/notes-app","variant":"v1_a","message":"API key invalid or revoked. Create a new key in API Keys.","cta":{"label":"Get a key","url":"https://app.reqres.in/api-keys"},"context":"invalid_key"}}
[2026-06-21 22:09:10,348] [INFO] [api_clients.py] => [REQUEST] => POST https://reqres.in/api/register
[2026-06-21 22:09:10,349] [DEBUG] [api_clients.py] => Parametrs of request: (JSON/Headers): {'json': {'email': 'sydney@fife'}}
[2026-06-21 22:09:10,747] [INFO] [api_clients.py] => 📥 Ответ: Статус-код 401
[2026-06-21 22:09:10,747] [DEBUG] [api_clients.py] => Тело ответа: {"error":"missing_api_key","message":"The x-api-key header is required for this endpoint.","hint":"Send x-api-key for admin calls (/api/*) or Authorization: Bearer <token> for app-user calls (/app/*).","next_steps":["Go to app.reqres.in/api-keys to get your key","Add header: x-api-key: <your_key>","For app user endpoints, use Authorization: Bearer <session_token> instead"],"docs_url":"https://app.reqres.in/docs#authentication","example_curl":"curl -H \"x-api-key: YOUR_API_KEY\" https://api.reqres.in/api/collections","_meta":{"powered_by":"ReqRes","docs_url":"https://app.reqres.in/documentation","upgrade_url":"https://app.reqres.in/upgrade","example_url":"https://app.reqres.in/examples/notes-app","variant":"v1_a","message":"API key invalid or revoked. Create a new key in API Keys.","cta":{"label":"Get a key","url":"https://app.reqres.in/api-keys"},"context":"invalid_key"}}
[2026-06-21 22:18:25,937] [INFO] [api_clients.py] => [REQUEST] => GET https://reqres.in/api/users/2
[2026-06-21 22:18:26,449] [INFO] [api_clients.py] => 📥 Ответ: Статус-код 401
[2026-06-21 22:18:26,449] [DEBUG] [api_clients.py] => Тело ответа: {"error":"missing_api_key","message":"The x-api-key header is required for this endpoint.","hint":"Create a free key at app.reqres.in and send it as x-api-key.","next_steps":["Go to app.reqres.in/api-keys to get your key","Add header: x-api-key: <your_key>","For app user endpoints, use Authorization: Bearer <session_token> instead"],"docs_url":"https://app.reqres.in/docs#authentication","example_curl":"curl -H \"x-api-key: YOUR_API_KEY\" https://api.reqres.in/api/collections","_meta":{"powered_by":"ReqRes","docs_url":"https://app.reqres.in/documentation","upgrade_url":"https://app.reqres.in/upgrade","example_url":"https://app.reqres.in/examples/notes-app","variant":"v1_a","message":"API key invalid or revoked. Create a new key in API Keys.","cta":{"label":"Get a key","url":"https://app.reqres.in/api-keys"},"context":"invalid_key"}}
[2026-06-21 22:18:26,450] [INFO] [api_clients.py] => [REQUEST] => POST https://reqres.in/api/register
[2026-06-21 22:18:26,452] [DEBUG] [api_clients.py] => Parametrs of request: (JSON/Headers): {'json': {'email': 'sydney@fife'}}
[2026-06-21 22:18:26,832] [INFO] [api_clients.py] => 📥 Ответ: Статус-код 401
[2026-06-21 22:18:26,832] [DEBUG] [api_clients.py] => Тело ответа: {"error":"missing_api_key","message":"The x-api-key header is required for this endpoint.","hint":"Send x-api-key for admin calls (/api/*) or Authorization: Bearer <token> for app-user calls (/app/*).","next_steps":["Go to app.reqres.in/api-keys to get your key","Add header: x-api-key: <your_key>","For app user endpoints, use Authorization: Bearer <session_token> instead"],"docs_url":"https://app.reqres.in/docs#authentication","example_curl":"curl -H \"x-api-key: YOUR_API_KEY\" https://api.reqres.in/api/collections","_meta":{"powered_by":"ReqRes","docs_url":"https://app.reqres.in/documentation","upgrade_url":"https://app.reqres.in/upgrade","example_url":"https://app.reqres.in/examples/notes-app","variant":"v1_a","message":"API key invalid or revoked. Create a new key in API Keys.","cta":{"label":"Get a key","url":"https://app.reqres.in/api-keys"},"context":"invalid_key"}}
[2026-06-21 22:20:41,217] [INFO] [api_clients.py] => [REQUEST] => GET https://reqres.in/api/users/2
[2026-06-21 22:20:41,694] [INFO] [api_clients.py] => 📥 Ответ: Статус-код 401
[2026-06-21 22:20:41,694] [DEBUG] [api_clients.py] => Тело ответа: {"error":"missing_api_key","message":"The x-api-key header is required for this endpoint.","hint":"Create a free key at app.reqres.in and send it as x-api-key.","next_steps":["Go to app.reqres.in/api-keys to get your key","Add header: x-api-key: <your_key>","For app user endpoints, use Authorization: Bearer <session_token> instead"],"docs_url":"https://app.reqres.in/docs#authentication","example_curl":"curl -H \"x-api-key: YOUR_API_KEY\" https://api.reqres.in/api/collections","_meta":{"powered_by":"ReqRes","docs_url":"https://app.reqres.in/documentation","upgrade_url":"https://app.reqres.in/upgrade","example_url":"https://app.reqres.in/examples/notes-app","variant":"v1_a","message":"API key invalid or revoked. Create a new key in API Keys.","cta":{"label":"Get a key","url":"https://app.reqres.in/api-keys"},"context":"invalid_key"}}
[2026-06-21 22:20:41,695] [INFO] [api_clients.py] => [REQUEST] => POST https://reqres.in/api/register
[2026-06-21 22:20:41,696] [DEBUG] [api_clients.py] => Parametrs of request: (JSON/Headers): {'json': {'email': 'sydney@fife'}}
[2026-06-21 22:20:42,206] [INFO] [api_clients.py] => 📥 Ответ: Статус-код 401
[2026-06-21 22:20:42,206] [DEBUG] [api_clients.py] => Тело ответа: {"error":"missing_api_key","message":"The x-api-key header is required for this endpoint.","hint":"Send x-api-key for admin calls (/api/*) or Authorization: Bearer <token> for app-user calls (/app/*).","next_steps":["Go to app.reqres.in/api-keys to get your key","Add header: x-api-key: <your_key>","For app user endpoints, use Authorization: Bearer <session_token> instead"],"docs_url":"https://app.reqres.in/docs#authentication","example_curl":"curl -H \"x-api-key: YOUR_API_KEY\" https://api.reqres.in/api/collections","_meta":{"powered_by":"ReqRes","docs_url":"https://app.reqres.in/documentation","upgrade_url":"https://app.reqres.in/upgrade","example_url":"https://app.reqres.in/examples/notes-app","variant":"v1_a","message":"API key invalid or revoked. Create a new key in API Keys.","cta":{"label":"Get a key","url":"https://app.reqres.in/api-keys"},"context":"invalid_key"}}
